<?xml version="1.0" encoding="UTF-8"?>
<testng-results ignored="0" total="1" passed="1" failed="0" skipped="0">
  <reporter-output>
  </reporter-output>
  <suite started-at="2022-07-05T18:36:35 IST" name="Default suite" finished-at="2022-07-05T18:37:35 IST" duration-ms="60287">
    <groups>
    </groups>
    <test started-at="2022-07-05T18:36:35 IST" name="Default test" finished-at="2022-07-05T18:37:35 IST" duration-ms="60287">
      <class name="execution.Sikuli_Demo2">
        <test-method is-config="true" signature="beforeTest()[pri:0, instance:execution.Sikuli_Demo2@5a5a729f]" started-at="2022-07-05T18:36:35 IST" name="beforeTest" finished-at="2022-07-05T18:37:11 IST" duration-ms="36755" status="PASS">
          <reporter-output>
          </reporter-output>
        </test-method> <!-- beforeTest -->
        <test-method signature="f()[pri:0, instance:execution.Sikuli_Demo2@5a5a729f]" started-at="2022-07-05T18:37:12 IST" name="f" finished-at="2022-07-05T18:37:35 IST" duration-ms="23292" status="PASS">
          <reporter-output>
          </reporter-output>
        </test-method> <!-- f -->
        <test-method is-config="true" signature="afterTest()[pri:0, instance:execution.Sikuli_Demo2@5a5a729f]" started-at="2022-07-05T18:37:35 IST" name="afterTest" finished-at="2022-07-05T18:37:35 IST" duration-ms="1" status="PASS">
          <reporter-output>
          </reporter-output>
        </test-method> <!-- afterTest -->
      </class> <!-- execution.Sikuli_Demo2 -->
    </test> <!-- Default test -->
  </suite> <!-- Default suite -->
</testng-results>
